running egg_info
writing ../../build/my_robot_controller/my_robot_controller.egg-info/PKG-INFO
writing dependency_links to ../../build/my_robot_controller/my_robot_controller.egg-info/dependency_links.txt
writing entry points to ../../build/my_robot_controller/my_robot_controller.egg-info/entry_points.txt
writing requirements to ../../build/my_robot_controller/my_robot_controller.egg-info/requires.txt
writing top-level names to ../../build/my_robot_controller/my_robot_controller.egg-info/top_level.txt
reading manifest file '../../build/my_robot_controller/my_robot_controller.egg-info/SOURCES.txt'
writing manifest file '../../build/my_robot_controller/my_robot_controller.egg-info/SOURCES.txt'
running build
running build_py
copying my_robot_controller/number_publisher.py -> /home/sanat/ros2_ws/build/my_robot_controller/build/lib/my_robot_controller
copying my_robot_controller/number_subscriber.py -> /home/sanat/ros2_ws/build/my_robot_controller/build/lib/my_robot_controller
running install
running install_lib
copying /home/sanat/ros2_ws/build/my_robot_controller/build/lib/my_robot_controller/number_publisher.py -> /home/sanat/ros2_ws/install/my_robot_controller/lib/python3.10/site-packages/my_robot_controller
copying /home/sanat/ros2_ws/build/my_robot_controller/build/lib/my_robot_controller/number_subscriber.py -> /home/sanat/ros2_ws/install/my_robot_controller/lib/python3.10/site-packages/my_robot_controller
byte-compiling /home/sanat/ros2_ws/install/my_robot_controller/lib/python3.10/site-packages/my_robot_controller/number_publisher.py to number_publisher.cpython-310.pyc
byte-compiling /home/sanat/ros2_ws/install/my_robot_controller/lib/python3.10/site-packages/my_robot_controller/number_subscriber.py to number_subscriber.cpython-310.pyc
running install_data
running install_egg_info
Sorry: TabError: inconsistent use of tabs and spaces in indentation (number_publisher.py, line 16)
Sorry: IndentationError: unindent does not match any outer indentation level (number_subscriber.py, line 17)
removing '/home/sanat/ros2_ws/install/my_robot_controller/lib/python3.10/site-packages/my_robot_controller-0.0.0-py3.10.egg-info' (and everything under it)
Copying ../../build/my_robot_controller/my_robot_controller.egg-info to /home/sanat/ros2_ws/install/my_robot_controller/lib/python3.10/site-packages/my_robot_controller-0.0.0-py3.10.egg-info
running install_scripts
Installing draw_circle script to /home/sanat/ros2_ws/install/my_robot_controller/lib/my_robot_controller
Installing number_publisher script to /home/sanat/ros2_ws/install/my_robot_controller/lib/my_robot_controller
Installing number_subscriber script to /home/sanat/ros2_ws/install/my_robot_controller/lib/my_robot_controller
Installing pose_subscriber script to /home/sanat/ros2_ws/install/my_robot_controller/lib/my_robot_controller
Installing test_node script to /home/sanat/ros2_ws/install/my_robot_controller/lib/my_robot_controller
writing list of installed files to '/home/sanat/ros2_ws/build/my_robot_controller/install.log'
