[0.308s] Invoking command in '/home/sanat/ros2_ws/src/my_robot_controller': PYTHONPATH=/home/sanat/ros2_ws/build/my_robot_controller/prefix_override:/usr/lib/python3/dist-packages/colcon_core/task/python/colcon_distutils_commands:/home/sanat/ros2_ws/install/my_robot_controller/lib/python3.10/site-packages:${PYTHONPATH} /usr/bin/python3 -W ignore:setup.py install is deprecated -W ignore:easy_install command is deprecated setup.py egg_info --egg-base ../../build/my_robot_controller build --build-base /home/sanat/ros2_ws/build/my_robot_controller/build install --record /home/sanat/ros2_ws/build/my_robot_controller/install.log --single-version-externally-managed install_data
[0.430s] running egg_info
[0.431s] writing ../../build/my_robot_controller/my_robot_controller.egg-info/PKG-INFO
[0.431s] writing dependency_links to ../../build/my_robot_controller/my_robot_controller.egg-info/dependency_links.txt
[0.431s] writing entry points to ../../build/my_robot_controller/my_robot_controller.egg-info/entry_points.txt
[0.431s] writing requirements to ../../build/my_robot_controller/my_robot_controller.egg-info/requires.txt
[0.431s] writing top-level names to ../../build/my_robot_controller/my_robot_controller.egg-info/top_level.txt
[0.432s] reading manifest file '../../build/my_robot_controller/my_robot_controller.egg-info/SOURCES.txt'
[0.432s] writing manifest file '../../build/my_robot_controller/my_robot_controller.egg-info/SOURCES.txt'
[0.433s] running build
[0.433s] running build_py
[0.433s] copying my_robot_controller/number_publisher.py -> /home/sanat/ros2_ws/build/my_robot_controller/build/lib/my_robot_controller
[0.433s] copying my_robot_controller/number_subscriber.py -> /home/sanat/ros2_ws/build/my_robot_controller/build/lib/my_robot_controller
[0.433s] running install
[0.433s] running install_lib
[0.433s] copying /home/sanat/ros2_ws/build/my_robot_controller/build/lib/my_robot_controller/number_publisher.py -> /home/sanat/ros2_ws/install/my_robot_controller/lib/python3.10/site-packages/my_robot_controller
[0.433s] copying /home/sanat/ros2_ws/build/my_robot_controller/build/lib/my_robot_controller/number_subscriber.py -> /home/sanat/ros2_ws/install/my_robot_controller/lib/python3.10/site-packages/my_robot_controller
[0.434s] byte-compiling /home/sanat/ros2_ws/install/my_robot_controller/lib/python3.10/site-packages/my_robot_controller/number_publisher.py to number_publisher.cpython-310.pyc
[0.434s] byte-compiling /home/sanat/ros2_ws/install/my_robot_controller/lib/python3.10/site-packages/my_robot_controller/number_subscriber.py to number_subscriber.cpython-310.pyc
[0.434s] running install_data
[0.434s] running install_egg_info
[0.436s] removing '/home/sanat/ros2_ws/install/my_robot_controller/lib/python3.10/site-packages/my_robot_controller-0.0.0-py3.10.egg-info' (and everything under it)
[0.436s] Copying ../../build/my_robot_controller/my_robot_controller.egg-info to /home/sanat/ros2_ws/install/my_robot_controller/lib/python3.10/site-packages/my_robot_controller-0.0.0-py3.10.egg-info
[0.436s] running install_scripts
[0.448s] Installing draw_circle script to /home/sanat/ros2_ws/install/my_robot_controller/lib/my_robot_controller
[0.448s] Installing number_publisher script to /home/sanat/ros2_ws/install/my_robot_controller/lib/my_robot_controller
[0.448s] Installing number_subscriber script to /home/sanat/ros2_ws/install/my_robot_controller/lib/my_robot_controller
[0.448s] Installing pose_subscriber script to /home/sanat/ros2_ws/install/my_robot_controller/lib/my_robot_controller
[0.448s] Installing test_node script to /home/sanat/ros2_ws/install/my_robot_controller/lib/my_robot_controller
[0.449s] writing list of installed files to '/home/sanat/ros2_ws/build/my_robot_controller/install.log'
[0.461s] Invoked command in '/home/sanat/ros2_ws/src/my_robot_controller' returned '0': PYTHONPATH=/home/sanat/ros2_ws/build/my_robot_controller/prefix_override:/usr/lib/python3/dist-packages/colcon_core/task/python/colcon_distutils_commands:/home/sanat/ros2_ws/install/my_robot_controller/lib/python3.10/site-packages:${PYTHONPATH} /usr/bin/python3 -W ignore:setup.py install is deprecated -W ignore:easy_install command is deprecated setup.py egg_info --egg-base ../../build/my_robot_controller build --build-base /home/sanat/ros2_ws/build/my_robot_controller/build install --record /home/sanat/ros2_ws/build/my_robot_controller/install.log --single-version-externally-managed install_data
