[0.338s] Invoking command in '/home/sanat/ros2_ws/src/my_robot_controller': PYTHONPATH=/home/sanat/ros2_ws/build/my_robot_controller/prefix_override:/usr/lib/python3/dist-packages/colcon_core/task/python/colcon_distutils_commands:/home/sanat/ros2_ws/install/my_robot_controller/lib/python3.10/site-packages:${PYTHONPATH} /usr/bin/python3 -W ignore:setup.py install is deprecated -W ignore:easy_install command is deprecated setup.py egg_info --egg-base ../../build/my_robot_controller build --build-base /home/sanat/ros2_ws/build/my_robot_controller/build install --record /home/sanat/ros2_ws/build/my_robot_controller/install.log --single-version-externally-managed install_data
[0.463s] running egg_info
[0.463s] creating ../../build/my_robot_controller/my_robot_controller.egg-info
[0.464s] writing ../../build/my_robot_controller/my_robot_controller.egg-info/PKG-INFO
[0.464s] writing dependency_links to ../../build/my_robot_controller/my_robot_controller.egg-info/dependency_links.txt
[0.464s] writing entry points to ../../build/my_robot_controller/my_robot_controller.egg-info/entry_points.txt
[0.464s] writing requirements to ../../build/my_robot_controller/my_robot_controller.egg-info/requires.txt
[0.464s] writing top-level names to ../../build/my_robot_controller/my_robot_controller.egg-info/top_level.txt
[0.464s] writing manifest file '../../build/my_robot_controller/my_robot_controller.egg-info/SOURCES.txt'
[0.464s] reading manifest file '../../build/my_robot_controller/my_robot_controller.egg-info/SOURCES.txt'
[0.465s] writing manifest file '../../build/my_robot_controller/my_robot_controller.egg-info/SOURCES.txt'
[0.465s] running build
[0.465s] running build_py
[0.465s] creating /home/sanat/ros2_ws/build/my_robot_controller/build
[0.465s] creating /home/sanat/ros2_ws/build/my_robot_controller/build/lib
[0.465s] creating /home/sanat/ros2_ws/build/my_robot_controller/build/lib/my_robot_controller
[0.465s] copying my_robot_controller/__init__.py -> /home/sanat/ros2_ws/build/my_robot_controller/build/lib/my_robot_controller
[0.465s] running install
[0.465s] running install_lib
[0.465s] creating /home/sanat/ros2_ws/install/my_robot_controller/lib/python3.10/site-packages/my_robot_controller
[0.466s] copying /home/sanat/ros2_ws/build/my_robot_controller/build/lib/my_robot_controller/__init__.py -> /home/sanat/ros2_ws/install/my_robot_controller/lib/python3.10/site-packages/my_robot_controller
[0.466s] byte-compiling /home/sanat/ros2_ws/install/my_robot_controller/lib/python3.10/site-packages/my_robot_controller/__init__.py to __init__.cpython-310.pyc
[0.466s] running install_data
[0.466s] creating /home/sanat/ros2_ws/install/my_robot_controller/share/ament_index
[0.466s] creating /home/sanat/ros2_ws/install/my_robot_controller/share/ament_index/resource_index
[0.466s] creating /home/sanat/ros2_ws/install/my_robot_controller/share/ament_index/resource_index/packages
[0.466s] copying resource/my_robot_controller -> /home/sanat/ros2_ws/install/my_robot_controller/share/ament_index/resource_index/packages
[0.466s] copying package.xml -> /home/sanat/ros2_ws/install/my_robot_controller/share/my_robot_controller
[0.466s] running install_egg_info
[0.467s] Copying ../../build/my_robot_controller/my_robot_controller.egg-info to /home/sanat/ros2_ws/install/my_robot_controller/lib/python3.10/site-packages/my_robot_controller-0.0.0-py3.10.egg-info
[0.467s] running install_scripts
[0.480s] writing list of installed files to '/home/sanat/ros2_ws/build/my_robot_controller/install.log'
[0.492s] Invoked command in '/home/sanat/ros2_ws/src/my_robot_controller' returned '0': PYTHONPATH=/home/sanat/ros2_ws/build/my_robot_controller/prefix_override:/usr/lib/python3/dist-packages/colcon_core/task/python/colcon_distutils_commands:/home/sanat/ros2_ws/install/my_robot_controller/lib/python3.10/site-packages:${PYTHONPATH} /usr/bin/python3 -W ignore:setup.py install is deprecated -W ignore:easy_install command is deprecated setup.py egg_info --egg-base ../../build/my_robot_controller build --build-base /home/sanat/ros2_ws/build/my_robot_controller/build install --record /home/sanat/ros2_ws/build/my_robot_controller/install.log --single-version-externally-managed install_data
