[0.345s] Invoking command in '/home/sanat/ros2_ws/build/my_robot_controller': PYTHONPATH=/home/sanat/ros2_ws/build/my_robot_controller/prefix_override:/usr/lib/python3/dist-packages/colcon_core/task/python/colcon_distutils_commands:/home/sanat/ros2_ws/install/my_robot_controller/lib/python3.10/site-packages:${PYTHONPATH} /usr/bin/python3 -W ignore:setup.py install is deprecated -W ignore:easy_install command is deprecated setup.py develop --editable --build-directory /home/sanat/ros2_ws/build/my_robot_controller/build --no-deps symlink_data
[0.492s] running develop
[0.571s] running egg_info
[0.571s] writing my_robot_controller.egg-info/PKG-INFO
[0.571s] writing dependency_links to my_robot_controller.egg-info/dependency_links.txt
[0.571s] writing entry points to my_robot_controller.egg-info/entry_points.txt
[0.571s] writing requirements to my_robot_controller.egg-info/requires.txt
[0.571s] writing top-level names to my_robot_controller.egg-info/top_level.txt
[0.572s] reading manifest file 'my_robot_controller.egg-info/SOURCES.txt'
[0.574s] writing manifest file 'my_robot_controller.egg-info/SOURCES.txt'
[0.574s] running build_ext
[0.574s] Creating /home/sanat/ros2_ws/install/my_robot_controller/lib/python3.10/site-packages/my-robot-controller.egg-link (link to .)
[0.575s] Installing draw_circle script to /home/sanat/ros2_ws/install/my_robot_controller/lib/my_robot_controller
[0.575s] Installing number_publisher script to /home/sanat/ros2_ws/install/my_robot_controller/lib/my_robot_controller
[0.575s] Installing pose_subscriber script to /home/sanat/ros2_ws/install/my_robot_controller/lib/my_robot_controller
[0.575s] Installing test_node script to /home/sanat/ros2_ws/install/my_robot_controller/lib/my_robot_controller
[0.575s] 
[0.576s] Installed /home/sanat/ros2_ws/build/my_robot_controller
[0.576s] running symlink_data
[0.592s] Invoked command in '/home/sanat/ros2_ws/build/my_robot_controller' returned '0': PYTHONPATH=/home/sanat/ros2_ws/build/my_robot_controller/prefix_override:/usr/lib/python3/dist-packages/colcon_core/task/python/colcon_distutils_commands:/home/sanat/ros2_ws/install/my_robot_controller/lib/python3.10/site-packages:${PYTHONPATH} /usr/bin/python3 -W ignore:setup.py install is deprecated -W ignore:easy_install command is deprecated setup.py develop --editable --build-directory /home/sanat/ros2_ws/build/my_robot_controller/build --no-deps symlink_data
